<?xml version="1.0" encoding="UTF-8"?>
<testsuite xmlns:xsi="http://www.w3.org/2001/XMLSchema-instance" xsi:noNamespaceSchemaLocation="https://maven.apache.org/surefire/maven-failsafe-plugin/xsd/failsafe-test-report.xsd" name="To implement the Web automated checks over DEMO ONLINE SHOP" time="60.82" tests="1" errors="0" skipped="0" failures="0">
  <properties>
    <property name="sun.desktop" value="windows"/>
    <property name="awt.toolkit" value="sun.awt.windows.WToolkit"/>
    <property name="file.encoding.pkg" value="sun.io"/>
    <property name="java.specification.version" value="1.8"/>
    <property name="webdriver.chrome.driver" value="C:\Users\vikash.rathore\Downloads\jha_api_automation/driver/chromedriver.exe"/>
    <property name="sun.cpu.isalist" value="amd64"/>
    <property name="sun.jnu.encoding" value="Cp1252"/>
    <property name="java.class.path" value="C:\Users\vikash.rathore\Downloads\jha_api_automation\target\test-classes;C:\Users\vikash.rathore\Downloads\jha_api_automation\target\automation.test-0.0.1-SNAPSHOT.jar;C:\Users\vikash.rathore\.m2\repository\com\jayway\jsonpath\json-path\2.4.0\json-path-2.4.0.jar;C:\Users\vikash.rathore\.m2\repository\org\slf4j\slf4j-api\1.7.25\slf4j-api-1.7.25.jar;C:\Users\vikash.rathore\.m2\repository\net\serenity-bdd\serenity-rest-assured\1.9.45\serenity-rest-assured-1.9.45.jar;C:\Users\vikash.rathore\.m2\repository\com\google\guava\guava\25.0-jre\guava-25.0-jre.jar;C:\Users\vikash.rathore\.m2\repository\com\google\code\findbugs\jsr305\1.3.9\jsr305-1.3.9.jar;C:\Users\vikash.rathore\.m2\repository\org\checkerframework\checker-compat-qual\2.0.0\checker-compat-qual-2.0.0.jar;C:\Users\vikash.rathore\.m2\repository\com\google\errorprone\error_prone_annotations\2.1.3\error_prone_annotations-2.1.3.jar;C:\Users\vikash.rathore\.m2\repository\com\google\j2objc\j2objc-annotations\1.1\j2objc-annotations-1.1.jar;C:\Users\vikash.rathore\.m2\repository\org\codehaus\mojo\animal-sniffer-annotations\1.14\animal-sniffer-annotations-1.14.jar;C:\Users\vikash.rathore\.m2\repository\com\google\inject\guice\4.2.0\guice-4.2.0.jar;C:\Users\vikash.rathore\.m2\repository\javax\inject\javax.inject\1\javax.inject-1.jar;C:\Users\vikash.rathore\.m2\repository\aopalliance\aopalliance\1.0\aopalliance-1.0.jar;C:\Users\vikash.rathore\.m2\repository\cglib\cglib\3.2.5\cglib-3.2.5.jar;C:\Users\vikash.rathore\.m2\repository\org\apache\ant\ant\1.9.6\ant-1.9.6.jar;C:\Users\vikash.rathore\.m2\repository\org\apache\ant\ant-launcher\1.9.6\ant-launcher-1.9.6.jar;C:\Users\vikash.rathore\.m2\repository\org\ow2\asm\asm\5.0.3\asm-5.0.3.jar;C:\Users\vikash.rathore\.m2\repository\commons-codec\commons-codec\1.10\commons-codec-1.10.jar;C:\Users\vikash.rathore\.m2\repository\org\objenesis\objenesis\2.6\objenesis-2.6.jar;C:\Users\vikash.rathore\.m2\repository\io\cucumber\cucumber-core\2.4.0\cucumber-core-2.4.0.jar;C:\Users\vikash.rathore\.m2\repository\info\cukes\cucumber-html\0.2.6\cucumber-html-0.2.6.jar;C:\Users\vikash.rathore\.m2\repository\io\cucumber\cucumber-jvm-deps\1.0.6\cucumber-jvm-deps-1.0.6.jar;C:\Users\vikash.rathore\.m2\repository\io\cucumber\gherkin\5.0.0\gherkin-5.0.0.jar;C:\Users\vikash.rathore\.m2\repository\io\cucumber\tag-expressions\1.1.1\tag-expressions-1.1.1.jar;C:\Users\vikash.rathore\.m2\repository\commons-logging\commons-logging\1.2\commons-logging-1.2.jar;C:\Users\vikash.rathore\.m2\repository\junit\junit\4.12\junit-4.12.jar;C:\Users\vikash.rathore\.m2\repository\org\mockito\mockito-core\1.10.19\mockito-core-1.10.19.jar;C:\Users\vikash.rathore\.m2\repository\net\bytebuddy\byte-buddy\1.8.12\byte-buddy-1.8.12.jar;C:\Users\vikash.rathore\.m2\repository\io\vavr\vavr\0.9.0\vavr-0.9.0.jar;C:\Users\vikash.rathore\.m2\repository\io\vavr\vavr-match\0.9.0\vavr-match-0.9.0.jar;C:\Users\vikash.rathore\.m2\repository\io\rest-assured\rest-assured\3.0.5\rest-assured-3.0.5.jar;C:\Users\vikash.rathore\.m2\repository\org\ccil\cowan\tagsoup\tagsoup\1.2.1\tagsoup-1.2.1.jar;C:\Users\vikash.rathore\.m2\repository\io\rest-assured\json-path\3.0.5\json-path-3.0.5.jar;C:\Users\vikash.rathore\.m2\repository\io\rest-assured\rest-assured-common\3.0.5\rest-assured-common-3.0.5.jar;C:\Users\vikash.rathore\.m2\repository\io\rest-assured\xml-path\3.0.5\xml-path-3.0.5.jar;C:\Users\vikash.rathore\.m2\repository\org\codehaus\groovy\groovy\2.4.12\groovy-2.4.12.jar;C:\Users\vikash.rathore\.m2\repository\org\codehaus\groovy\groovy-xml\2.4.12\groovy-xml-2.4.12.jar;C:\Users\vikash.rathore\.m2\repository\org\codehaus\groovy\groovy-json\2.4.12\groovy-json-2.4.12.jar;C:\Users\vikash.rathore\.m2\repository\net\serenity-bdd\serenity-core\1.9.45\serenity-core-1.9.45.jar;C:\Users\vikash.rathore\.m2\repository\net\serenity-bdd\serenity-report-resources\1.9.45\serenity-report-resources-1.9.45.jar;C:\Users\vikash.rathore\.m2\repository\net\serenity-bdd\serenity-model\1.9.45\serenity-model-1.9.45.jar;C:\Users\vikash.rathore\.m2\repository\commons-net\commons-net\3.6\commons-net-3.6.jar;C:\Users\vikash.rathore\.m2\repository\net\serenity-bdd\serenity-reports\1.9.45\serenity-reports-1.9.45.jar;C:\Users\vikash.rathore\.m2\repository\com\google\code\gson\gson\2.8.4\gson-2.8.4.jar;C:\Users\vikash.rathore\.m2\repository\commons-io\commons-io\2.6\commons-io-2.6.jar;C:\Users\vikash.rathore\.m2\repository\org\seleniumhq\selenium\selenium-server\3.14.0\selenium-server-3.14.0.jar;C:\Users\vikash.rathore\.m2\repository\org\seleniumhq\selenium\selenium-firefox-driver\3.14.0\selenium-firefox-driver-3.14.0.jar;C:\Users\vikash.rathore\.m2\repository\org\seleniumhq\selenium\selenium-ie-driver\3.14.0\selenium-ie-driver-3.14.0.jar;C:\Users\vikash.rathore\.m2\repository\com\beust\jcommander\1.72\jcommander-1.72.jar;C:\Users\vikash.rathore\.m2\repository\org\apache\commons\commons-exec\1.3\commons-exec-1.3.jar;C:\Users\vikash.rathore\.m2\repository\org\apache\commons\commons-text\1.1\commons-text-1.1.jar;C:\Users\vikash.rathore\.m2\repository\org\apache\httpcomponents\httpcore\4.4.9\httpcore-4.4.9.jar;C:\Users\vikash.rathore\.m2\repository\net\jcip\jcip-annotations\1.0\jcip-annotations-1.0.jar;C:\Users\vikash.rathore\.m2\repository\org\seleniumhq\selenium\jetty-repacked\9.4.8.v20180619\jetty-repacked-9.4.8.v20180619.jar;C:\Users\vikash.rathore\.m2\repository\org\eclipse\jetty\jetty-client\9.4.8.v20180619\jetty-client-9.4.8.v20180619.jar;C:\Users\vikash.rathore\.m2\repository\org\eclipse\jetty\jetty-http\9.4.8.v20180619\jetty-http-9.4.8.v20180619.jar;C:\Users\vikash.rathore\.m2\repository\org\eclipse\jetty\jetty-xml\9.4.8.v20180619\jetty-xml-9.4.8.v20180619.jar;C:\Users\vikash.rathore\.m2\repository\com\squareup\okhttp3\okhttp\3.10.0\okhttp-3.10.0.jar;C:\Users\vikash.rathore\.m2\repository\com\squareup\okio\okio\1.14.1\okio-1.14.1.jar;C:\Users\vikash.rathore\.m2\repository\javax\servlet\javax.servlet-api\3.1.0\javax.servlet-api-3.1.0.jar;C:\Users\vikash.rathore\.m2\repository\org\eclipse\jetty\websocket\websocket-api\9.4.8.v20180619\websocket-api-9.4.8.v20180619.jar;C:\Users\vikash.rathore\.m2\repository\org\eclipse\jetty\websocket\websocket-client\9.4.8.v20180619\websocket-client-9.4.8.v20180619.jar;C:\Users\vikash.rathore\.m2\repository\org\eclipse\jetty\websocket\websocket-common\9.4.8.v20180619\websocket-common-9.4.8.v20180619.jar;C:\Users\vikash.rathore\.m2\repository\xerces\xercesImpl\2.11.0\xercesImpl-2.11.0.jar;C:\Users\vikash.rathore\.m2\repository\org\yaml\snakeyaml\1.19\snakeyaml-1.19.jar;C:\Users\vikash.rathore\.m2\repository\org\seleniumhq\selenium\selenium-java\3.14.0\selenium-java-3.14.0.jar;C:\Users\vikash.rathore\.m2\repository\org\seleniumhq\selenium\selenium-api\3.14.0\selenium-api-3.14.0.jar;C:\Users\vikash.rathore\.m2\repository\org\seleniumhq\selenium\selenium-chrome-driver\3.14.0\selenium-chrome-driver-3.14.0.jar;C:\Users\vikash.rathore\.m2\repository\org\seleniumhq\selenium\selenium-edge-driver\3.14.0\selenium-edge-driver-3.14.0.jar;C:\Users\vikash.rathore\.m2\repository\org\seleniumhq\selenium\selenium-remote-driver\3.14.0\selenium-remote-driver-3.14.0.jar;C:\Users\vikash.rathore\.m2\repository\org\seleniumhq\selenium\selenium-safari-driver\3.14.0\selenium-safari-driver-3.14.0.jar;C:\Users\vikash.rathore\.m2\repository\org\seleniumhq\selenium\selenium-opera-driver\3.14.0\selenium-opera-driver-3.14.0.jar;C:\Users\vikash.rathore\.m2\repository\org\seleniumhq\selenium\selenium-support\3.14.0\selenium-support-3.14.0.jar;C:\Users\vikash.rathore\.m2\repository\com\paulhammant\ngwebdriver\1.1.4\ngwebdriver-1.1.4.jar;C:\Users\vikash.rathore\.m2\repository\com\codeborne\phantomjsdriver\1.4.4\phantomjsdriver-1.4.4.jar;C:\Users\vikash.rathore\.m2\repository\org\eclipse\jetty\jetty-util\9.4.8.v20171121\jetty-util-9.4.8.v20171121.jar;C:\Users\vikash.rathore\.m2\repository\org\eclipse\jetty\jetty-io\9.4.8.v20171121\jetty-io-9.4.8.v20171121.jar;C:\Users\vikash.rathore\.m2\repository\org\seleniumhq\selenium\htmlunit-driver\2.30.1\htmlunit-driver-2.30.1.jar;C:\Users\vikash.rathore\.m2\repository\io\appium\java-client\6.1.0\java-client-6.1.0.jar;C:\Users\vikash.rathore\.m2\repository\org\springframework\spring-context\5.0.5.RELEASE\spring-context-5.0.5.RELEASE.jar;C:\Users\vikash.rathore\.m2\repository\org\springframework\spring-aop\5.0.5.RELEASE\spring-aop-5.0.5.RELEASE.jar;C:\Users\vikash.rathore\.m2\repository\org\springframework\spring-beans\5.0.5.RELEASE\spring-beans-5.0.5.RELEASE.jar;C:\Users\vikash.rathore\.m2\repository\org\springframework\spring-expression\5.0.5.RELEASE\spring-expression-5.0.5.RELEASE.jar;C:\Users\vikash.rathore\.m2\repository\org\aspectj\aspectjweaver\1.9.1\aspectjweaver-1.9.1.jar;C:\Users\vikash.rathore\.m2\repository\org\openpnp\opencv\3.2.0-1\opencv-3.2.0-1.jar;C:\Users\vikash.rathore\.m2\repository\org\glassfish\tyrus\tyrus-core\1.13.1\tyrus-core-1.13.1.jar;C:\Users\vikash.rathore\.m2\repository\org\glassfish\tyrus\tyrus-spi\1.13.1\tyrus-spi-1.13.1.jar;C:\Users\vikash.rathore\.m2\repository\javax\websocket\javax.websocket-api\1.1\javax.websocket-api-1.1.jar;C:\Users\vikash.rathore\.m2\repository\net\sf\opencsv\opencsv\2.0\opencsv-2.0.jar;C:\Users\vikash.rathore\.m2\repository\commons-beanutils\commons-beanutils-core\1.8.3\commons-beanutils-core-1.8.3.jar;C:\Users\vikash.rathore\.m2\repository\joda-time\joda-time\2.7\joda-time-2.7.jar;C:\Users\vikash.rathore\.m2\repository\com\thoughtworks\xstream\xstream\1.4.9\xstream-1.4.9.jar;C:\Users\vikash.rathore\.m2\repository\xmlpull\xmlpull\1.1.3.1\xmlpull-1.1.3.1.jar;C:\Users\vikash.rathore\.m2\repository\xpp3\xpp3_min\1.1.4c\xpp3_min-1.1.4c.jar;C:\Users\vikash.rathore\.m2\repository\commons-collections\commons-collections\3.2.2\commons-collections-3.2.2.jar;C:\Users\vikash.rathore\.m2\repository\org\freemarker\freemarker\2.3.28\freemarker-2.3.28.jar;C:\Users\vikash.rathore\.m2\repository\net\sourceforge\jexcelapi\jxl\2.6.12\jxl-2.6.12.jar;C:\Users\vikash.rathore\.m2\repository\org\hamcrest\hamcrest-core\1.3\hamcrest-core-1.3.jar;C:\Users\vikash.rathore\.m2\repository\org\hamcrest\hamcrest-library\1.3\hamcrest-library-1.3.jar;C:\Users\vikash.rathore\.m2\repository\net\sourceforge\htmlunit\htmlunit\2.30\htmlunit-2.30.jar;C:\Users\vikash.rathore\.m2\repository\net\sourceforge\htmlunit\htmlunit-core-js\2.28\htmlunit-core-js-2.28.jar;C:\Users\vikash.rathore\.m2\repository\net\sourceforge\htmlunit\neko-htmlunit\2.30\neko-htmlunit-2.30.jar;C:\Users\vikash.rathore\.m2\repository\net\sourceforge\htmlunit\htmlunit-cssparser\1.0.0\htmlunit-cssparser-1.0.0.jar;C:\Users\vikash.rathore\.m2\repository\org\apache\httpcomponents\httpclient\4.5.5\httpclient-4.5.5.jar;C:\Users\vikash.rathore\.m2\repository\org\apache\httpcomponents\httpmime\4.5.5\httpmime-4.5.5.jar;C:\Users\vikash.rathore\.m2\repository\org\fluentlenium\fluentlenium-core\0.10.2\fluentlenium-core-0.10.2.jar;C:\Users\vikash.rathore\.m2\repository\com\jhlabs\filters\2.0.235\filters-2.0.235.jar;C:\Users\vikash.rathore\.m2\repository\org\asciidoctor\asciidoctorj\1.5.6\asciidoctorj-1.5.6.jar;C:\Users\vikash.rathore\.m2\repository\org\jruby\jruby-complete\1.7.26\jruby-complete-1.7.26.jar;C:\Users\vikash.rathore\.m2\repository\org\imgscalr\imgscalr-lib\4.2\imgscalr-lib-4.2.jar;C:\Users\vikash.rathore\.m2\repository\javax\el\javax.el-api\2.2.4\javax.el-api-2.2.4.jar;C:\Users\vikash.rathore\.m2\repository\org\glassfish\web\javax.el\2.2.4\javax.el-2.2.4.jar;C:\Users\vikash.rathore\.m2\repository\xalan\xalan\2.7.2\xalan-2.7.2.jar;C:\Users\vikash.rathore\.m2\repository\xalan\serializer\2.7.2\serializer-2.7.2.jar;C:\Users\vikash.rathore\.m2\repository\org\awaitility\awaitility\3.1.0\awaitility-3.1.0.jar;C:\Users\vikash.rathore\.m2\repository\com\typesafe\config\1.3.1\config-1.3.1.jar;C:\Users\vikash.rathore\.m2\repository\org\jsoup\jsoup\1.10.3\jsoup-1.10.3.jar;C:\Users\vikash.rathore\.m2\repository\com\google\jimfs\jimfs\1.1\jimfs-1.1.jar;C:\Users\vikash.rathore\.m2\repository\es\nitaur\markdown\txtmark\0.16\txtmark-0.16.jar;C:\Users\vikash.rathore\.m2\repository\com\vladsch\flexmark\flexmark-all\0.26.4\flexmark-all-0.26.4.jar;C:\Users\vikash.rathore\.m2\repository\com\vladsch\flexmark\flexmark\0.26.4\flexmark-0.26.4.jar;C:\Users\vikash.rathore\.m2\repository\com\vladsch\flexmark\flexmark-ext-abbreviation\0.26.4\flexmark-ext-abbreviation-0.26.4.jar;C:\Users\vikash.rathore\.m2\repository\com\vladsch\flexmark\flexmark-ext-anchorlink\0.26.4\flexmark-ext-anchorlink-0.26.4.jar;C:\Users\vikash.rathore\.m2\repository\com\vladsch\flexmark\flexmark-ext-aside\0.26.4\flexmark-ext-aside-0.26.4.jar;C:\Users\vikash.rathore\.m2\repository\com\vladsch\flexmark\flexmark-ext-autolink\0.26.4\flexmark-ext-autolink-0.26.4.jar;C:\Users\vikash.rathore\.m2\repository\org\nibor\autolink\autolink\0.6.0\autolink-0.6.0.jar;C:\Users\vikash.rathore\.m2\repository\com\vladsch\flexmark\flexmark-ext-definition\0.26.4\flexmark-ext-definition-0.26.4.jar;C:\Users\vikash.rathore\.m2\repository\com\vladsch\flexmark\flexmark-ext-emoji\0.26.4\flexmark-ext-emoji-0.26.4.jar;C:\Users\vikash.rathore\.m2\repository\com\vladsch\flexmark\flexmark-ext-escaped-character\0.26.4\flexmark-ext-escaped-character-0.26.4.jar;C:\Users\vikash.rathore\.m2\repository\com\vladsch\flexmark\flexmark-ext-footnotes\0.26.4\flexmark-ext-footnotes-0.26.4.jar;C:\Users\vikash.rathore\.m2\repository\com\vladsch\flexmark\flexmark-ext-gfm-issues\0.26.4\flexmark-ext-gfm-issues-0.26.4.jar;C:\Users\vikash.rathore\.m2\repository\com\vladsch\flexmark\flexmark-ext-gfm-strikethrough\0.26.4\flexmark-ext-gfm-strikethrough-0.26.4.jar;C:\Users\vikash.rathore\.m2\repository\com\vladsch\flexmark\flexmark-ext-gfm-tables\0.26.4\flexmark-ext-gfm-tables-0.26.4.jar;C:\Users\vikash.rathore\.m2\repository\com\vladsch\flexmark\flexmark-ext-gfm-tasklist\0.26.4\flexmark-ext-gfm-tasklist-0.26.4.jar;C:\Users\vikash.rathore\.m2\repository\com\vladsch\flexmark\flexmark-ext-gfm-users\0.26.4\flexmark-ext-gfm-users-0.26.4.jar;C:\Users\vikash.rathore\.m2\repository\com\vladsch\flexmark\flexmark-ext-jekyll-front-matter\0.26.4\flexmark-ext-jekyll-front-matter-0.26.4.jar;C:\Users\vikash.rathore\.m2\repository\com\vladsch\flexmark\flexmark-ext-jekyll-tag\0.26.4\flexmark-ext-jekyll-tag-0.26.4.jar;C:\Users\vikash.rathore\.m2\repository\com\vladsch\flexmark\flexmark-ext-ins\0.26.4\flexmark-ext-ins-0.26.4.jar;C:\Users\vikash.rathore\.m2\repository\com\vladsch\flexmark\flexmark-ext-xwiki-macros\0.26.4\flexmark-ext-xwiki-macros-0.26.4.jar;C:\Users\vikash.rathore\.m2\repository\com\vladsch\flexmark\flexmark-ext-superscript\0.26.4\flexmark-ext-superscript-0.26.4.jar;C:\Users\vikash.rathore\.m2\repository\com\vladsch\flexmark\flexmark-ext-tables\0.26.4\flexmark-ext-tables-0.26.4.jar;C:\Users\vikash.rathore\.m2\repository\com\vladsch\flexmark\flexmark-ext-toc\0.26.4\flexmark-ext-toc-0.26.4.jar;C:\Users\vikash.rathore\.m2\repository\com\vladsch\flexmark\flexmark-ext-typographic\0.26.4\flexmark-ext-typographic-0.26.4.jar;C:\Users\vikash.rathore\.m2\repository\com\vladsch\flexmark\flexmark-ext-wikilink\0.26.4\flexmark-ext-wikilink-0.26.4.jar;C:\Users\vikash.rathore\.m2\repository\com\vladsch\flexmark\flexmark-ext-yaml-front-matter\0.26.4\flexmark-ext-yaml-front-matter-0.26.4.jar;C:\Users\vikash.rathore\.m2\repository\com\vladsch\flexmark\flexmark-formatter\0.26.4\flexmark-formatter-0.26.4.jar;C:\Users\vikash.rathore\.m2\repository\com\vladsch\flexmark\flexmark-html-parser\0.26.4\flexmark-html-parser-0.26.4.jar;C:\Users\vikash.rathore\.m2\repository\com\vladsch\flexmark\flexmark-jira-converter\0.26.4\flexmark-jira-converter-0.26.4.jar;C:\Users\vikash.rathore\.m2\repository\com\vladsch\flexmark\flexmark-pdf-converter\0.26.4\flexmark-pdf-converter-0.26.4.jar;C:\Users\vikash.rathore\.m2\repository\com\openhtmltopdf\openhtmltopdf-core\0.0.1-RC9\openhtmltopdf-core-0.0.1-RC9.jar;C:\Users\vikash.rathore\.m2\repository\com\openhtmltopdf\openhtmltopdf-pdfbox\0.0.1-RC9\openhtmltopdf-pdfbox-0.0.1-RC9.jar;C:\Users\vikash.rathore\.m2\repository\org\apache\pdfbox\pdfbox\2.0.4\pdfbox-2.0.4.jar;C:\Users\vikash.rathore\.m2\repository\org\apache\pdfbox\fontbox\2.0.4\fontbox-2.0.4.jar;C:\Users\vikash.rathore\.m2\repository\com\openhtmltopdf\openhtmltopdf-rtl-support\0.0.1-RC9\openhtmltopdf-rtl-support-0.0.1-RC9.jar;C:\Users\vikash.rathore\.m2\repository\com\ibm\icu\icu4j\58.1\icu4j-58.1.jar;C:\Users\vikash.rathore\.m2\repository\com\openhtmltopdf\openhtmltopdf-jsoup-dom-converter\0.0.1-RC9\openhtmltopdf-jsoup-dom-converter-0.0.1-RC9.jar;C:\Users\vikash.rathore\.m2\repository\com\vladsch\flexmark\flexmark-profile-pegdown\0.26.4\flexmark-profile-pegdown-0.26.4.jar;C:\Users\vikash.rathore\.m2\repository\com\vladsch\flexmark\flexmark-util\0.26.4\flexmark-util-0.26.4.jar;C:\Users\vikash.rathore\.m2\repository\com\vladsch\flexmark\flexmark-youtrack-converter\0.26.4\flexmark-youtrack-converter-0.26.4.jar;C:\Users\vikash.rathore\.m2\repository\net\serenity-bdd\serenity-screenplay\1.9.45\serenity-screenplay-1.9.45.jar;C:\Users\vikash.rathore\.m2\repository\uk\com\robust-it\cloning\1.9.10\cloning-1.9.10.jar;C:\Users\vikash.rathore\.m2\repository\org\slf4j\slf4j-simple\1.7.21\slf4j-simple-1.7.21.jar;C:\Users\vikash.rathore\.m2\repository\net\serenity-bdd\serenity-junit\1.9.45\serenity-junit-1.9.45.jar;C:\Users\vikash.rathore\.m2\repository\org\springframework\spring-test\4.0.2.RELEASE\spring-test-4.0.2.RELEASE.jar;C:\Users\vikash.rathore\.m2\repository\org\springframework\spring-core\4.0.2.RELEASE\spring-core-4.0.2.RELEASE.jar;C:\Users\vikash.rathore\.m2\repository\org\hamcrest\hamcrest-all\1.3\hamcrest-all-1.3.jar;C:\Users\vikash.rathore\.m2\repository\junit\junit-dep\4.10\junit-dep-4.10.jar;C:\Users\vikash.rathore\.m2\repository\xml-apis\xml-apis\1.4.01\xml-apis-1.4.01.jar;C:\Users\vikash.rathore\.m2\repository\org\apache\poi\poi\3.14\poi-3.14.jar;C:\Users\vikash.rathore\.m2\repository\org\apache\poi\poi-ooxml\3.14\poi-ooxml-3.14.jar;C:\Users\vikash.rathore\.m2\repository\org\apache\poi\poi-ooxml-schemas\3.14\poi-ooxml-schemas-3.14.jar;C:\Users\vikash.rathore\.m2\repository\org\apache\xmlbeans\xmlbeans\2.6.0\xmlbeans-2.6.0.jar;C:\Users\vikash.rathore\.m2\repository\stax\stax-api\1.0.1\stax-api-1.0.1.jar;C:\Users\vikash.rathore\.m2\repository\com\github\virtuald\curvesapi\1.03\curvesapi-1.03.jar;C:\Users\vikash.rathore\.m2\repository\net\serenity-bdd\serenity-cucumber\1.9.31\serenity-cucumber-1.9.31.jar;C:\Users\vikash.rathore\.m2\repository\net\serenity-bdd\serenity-screenplay-webdriver\2.0.40\serenity-screenplay-webdriver-2.0.40.jar;C:\Users\vikash.rathore\.m2\repository\net\bytebuddy\byte-buddy-agent\1.9.6\byte-buddy-agent-1.9.6.jar;C:\Users\vikash.rathore\.m2\repository\javax\xml\bind\jaxb-api\2.2.12\jaxb-api-2.2.12.jar;C:\Users\vikash.rathore\.m2\repository\com\sun\xml\bind\jaxb-core\2.3.0.1\jaxb-core-2.3.0.1.jar;C:\Users\vikash.rathore\.m2\repository\com\sun\xml\bind\jaxb-impl\2.3.0.1\jaxb-impl-2.3.0.1.jar;C:\Users\vikash.rathore\.m2\repository\javax\activation\activation\1.1.1\activation-1.1.1.jar;C:\Users\vikash.rathore\.m2\repository\io\cucumber\cucumber-java\2.4.0\cucumber-java-2.4.0.jar;C:\Users\vikash.rathore\.m2\repository\io\cucumber\cucumber-junit\2.4.0\cucumber-junit-2.4.0.jar;C:\Users\vikash.rathore\.m2\repository\org\apache\commons\commons-csv\1.5\commons-csv-1.5.jar;C:\Users\vikash.rathore\.m2\repository\org\apache\commons\commons-lang3\3.4\commons-lang3-3.4.jar;C:\Users\vikash.rathore\.m2\repository\io\rest-assured\json-schema-validator\3.0.0\json-schema-validator-3.0.0.jar;C:\Users\vikash.rathore\.m2\repository\com\github\fge\json-schema-validator\2.2.6\json-schema-validator-2.2.6.jar;C:\Users\vikash.rathore\.m2\repository\com\googlecode\libphonenumber\libphonenumber\6.2\libphonenumber-6.2.jar;C:\Users\vikash.rathore\.m2\repository\com\github\fge\json-schema-core\1.2.5\json-schema-core-1.2.5.jar;C:\Users\vikash.rathore\.m2\repository\com\github\fge\uri-template\0.9\uri-template-0.9.jar;C:\Users\vikash.rathore\.m2\repository\com\github\fge\msg-simple\1.1\msg-simple-1.1.jar;C:\Users\vikash.rathore\.m2\repository\com\github\fge\btf\1.2\btf-1.2.jar;C:\Users\vikash.rathore\.m2\repository\com\github\fge\jackson-coreutils\1.8\jackson-coreutils-1.8.jar;C:\Users\vikash.rathore\.m2\repository\org\mozilla\rhino\1.7R4\rhino-1.7R4.jar;C:\Users\vikash.rathore\.m2\repository\javax\mail\mailapi\1.4.3\mailapi-1.4.3.jar;C:\Users\vikash.rathore\.m2\repository\net\minidev\json-smart\2.3\json-smart-2.3.jar;C:\Users\vikash.rathore\.m2\repository\net\minidev\accessors-smart\1.2\accessors-smart-1.2.jar;C:\Users\vikash.rathore\.m2\repository\org\json\json\20180130\json-20180130.jar;C:\Users\vikash.rathore\.m2\repository\org\everit\json\org.everit.json.schema\1.5.1\org.everit.json.schema-1.5.1.jar;C:\Users\vikash.rathore\.m2\repository\commons-validator\commons-validator\1.5.1\commons-validator-1.5.1.jar;C:\Users\vikash.rathore\.m2\repository\commons-beanutils\commons-beanutils\1.9.2\commons-beanutils-1.9.2.jar;C:\Users\vikash.rathore\.m2\repository\commons-digester\commons-digester\1.8.1\commons-digester-1.8.1.jar;C:\Users\vikash.rathore\.m2\repository\log4j\log4j\1.2.12\log4j-1.2.12.jar;C:\Users\vikash.rathore\.m2\repository\cc\plural\jsonij\0.3.1\jsonij-0.3.1.jar;C:\Users\vikash.rathore\.m2\repository\org\codehaus\jackson\jackson-mapper-asl\1.9.13\jackson-mapper-asl-1.9.13.jar;C:\Users\vikash.rathore\.m2\repository\org\codehaus\jackson\jackson-core-asl\1.9.13\jackson-core-asl-1.9.13.jar;C:\Users\vikash.rathore\.m2\repository\org\assertj\assertj-core\3.11.1\assertj-core-3.11.1.jar;C:\Users\vikash.rathore\.m2\repository\org\projectlombok\lombok\1.16.16\lombok-1.16.16.jar;C:\Users\vikash.rathore\.m2\repository\com\github\tomakehurst\wiremock\1.58\wiremock-1.58.jar;C:\Users\vikash.rathore\.m2\repository\com\fasterxml\jackson\core\jackson-core\2.6.0\jackson-core-2.6.0.jar;C:\Users\vikash.rathore\.m2\repository\xmlunit\xmlunit\1.6\xmlunit-1.6.jar;C:\Users\vikash.rathore\.m2\repository\org\mortbay\jetty\jetty\6.1.26\jetty-6.1.26.jar;C:\Users\vikash.rathore\.m2\repository\org\mortbay\jetty\jetty-util\6.1.26\jetty-util-6.1.26.jar;C:\Users\vikash.rathore\.m2\repository\org\mortbay\jetty\servlet-api\2.5-20081211\servlet-api-2.5-20081211.jar;C:\Users\vikash.rathore\.m2\repository\com\fasterxml\jackson\core\jackson-databind\2.6.0\jackson-databind-2.6.0.jar;C:\Users\vikash.rathore\.m2\repository\org\skyscreamer\jsonassert\1.2.3\jsonassert-1.2.3.jar;C:\Users\vikash.rathore\.m2\repository\com\fasterxml\jackson\core\jackson-annotations\2.6.0\jackson-annotations-2.6.0.jar;C:\Users\vikash.rathore\.m2\repository\net\sf\jopt-simple\jopt-simple\4.9\jopt-simple-4.9.jar;"/>
    <property name="java.vm.vendor" value="Oracle Corporation"/>
    <property name="sun.arch.data.model" value="64"/>
    <property name="user.variant" value=""/>
    <property name="java.vendor.url" value="http://java.oracle.com/"/>
    <property name="user.timezone" value="Asia/Calcutta"/>
    <property name="java.vm.specification.version" value="1.8"/>
    <property name="os.name" value="Windows 10"/>
    <property name="user.country" value="US"/>
    <property name="sun.java.launcher" value="SUN_STANDARD"/>
    <property name="sun.boot.library.path" value="C:\Program Files\Java\jdk1.8.0_191\jre\bin"/>
    <property name="sun.java.command" value="C:\Users\VIKASH~1.RAT\AppData\Local\Temp\surefire1251177773876704448\surefirebooter5975310959633395732.jar C:\Users\vikash.rathore\AppData\Local\Temp\surefire1251177773876704448 2020-10-19T15-44-13_551-jvmRun1 surefire8814202779781721251tmp surefire_18296822737532884509tmp"/>
    <property name="surefire.test.class.path" value="C:\Users\vikash.rathore\Downloads\jha_api_automation\target\test-classes;C:\Users\vikash.rathore\Downloads\jha_api_automation\target\automation.test-0.0.1-SNAPSHOT.jar;C:\Users\vikash.rathore\.m2\repository\com\jayway\jsonpath\json-path\2.4.0\json-path-2.4.0.jar;C:\Users\vikash.rathore\.m2\repository\org\slf4j\slf4j-api\1.7.25\slf4j-api-1.7.25.jar;C:\Users\vikash.rathore\.m2\repository\net\serenity-bdd\serenity-rest-assured\1.9.45\serenity-rest-assured-1.9.45.jar;C:\Users\vikash.rathore\.m2\repository\com\google\guava\guava\25.0-jre\guava-25.0-jre.jar;C:\Users\vikash.rathore\.m2\repository\com\google\code\findbugs\jsr305\1.3.9\jsr305-1.3.9.jar;C:\Users\vikash.rathore\.m2\repository\org\checkerframework\checker-compat-qual\2.0.0\checker-compat-qual-2.0.0.jar;C:\Users\vikash.rathore\.m2\repository\com\google\errorprone\error_prone_annotations\2.1.3\error_prone_annotations-2.1.3.jar;C:\Users\vikash.rathore\.m2\repository\com\google\j2objc\j2objc-annotations\1.1\j2objc-annotations-1.1.jar;C:\Users\vikash.rathore\.m2\repository\org\codehaus\mojo\animal-sniffer-annotations\1.14\animal-sniffer-annotations-1.14.jar;C:\Users\vikash.rathore\.m2\repository\com\google\inject\guice\4.2.0\guice-4.2.0.jar;C:\Users\vikash.rathore\.m2\repository\javax\inject\javax.inject\1\javax.inject-1.jar;C:\Users\vikash.rathore\.m2\repository\aopalliance\aopalliance\1.0\aopalliance-1.0.jar;C:\Users\vikash.rathore\.m2\repository\cglib\cglib\3.2.5\cglib-3.2.5.jar;C:\Users\vikash.rathore\.m2\repository\org\apache\ant\ant\1.9.6\ant-1.9.6.jar;C:\Users\vikash.rathore\.m2\repository\org\apache\ant\ant-launcher\1.9.6\ant-launcher-1.9.6.jar;C:\Users\vikash.rathore\.m2\repository\org\ow2\asm\asm\5.0.3\asm-5.0.3.jar;C:\Users\vikash.rathore\.m2\repository\commons-codec\commons-codec\1.10\commons-codec-1.10.jar;C:\Users\vikash.rathore\.m2\repository\org\objenesis\objenesis\2.6\objenesis-2.6.jar;C:\Users\vikash.rathore\.m2\repository\io\cucumber\cucumber-core\2.4.0\cucumber-core-2.4.0.jar;C:\Users\vikash.rathore\.m2\repository\info\cukes\cucumber-html\0.2.6\cucumber-html-0.2.6.jar;C:\Users\vikash.rathore\.m2\repository\io\cucumber\cucumber-jvm-deps\1.0.6\cucumber-jvm-deps-1.0.6.jar;C:\Users\vikash.rathore\.m2\repository\io\cucumber\gherkin\5.0.0\gherkin-5.0.0.jar;C:\Users\vikash.rathore\.m2\repository\io\cucumber\tag-expressions\1.1.1\tag-expressions-1.1.1.jar;C:\Users\vikash.rathore\.m2\repository\commons-logging\commons-logging\1.2\commons-logging-1.2.jar;C:\Users\vikash.rathore\.m2\repository\junit\junit\4.12\junit-4.12.jar;C:\Users\vikash.rathore\.m2\repository\org\mockito\mockito-core\1.10.19\mockito-core-1.10.19.jar;C:\Users\vikash.rathore\.m2\repository\net\bytebuddy\byte-buddy\1.8.12\byte-buddy-1.8.12.jar;C:\Users\vikash.rathore\.m2\repository\io\vavr\vavr\0.9.0\vavr-0.9.0.jar;C:\Users\vikash.rathore\.m2\repository\io\vavr\vavr-match\0.9.0\vavr-match-0.9.0.jar;C:\Users\vikash.rathore\.m2\repository\io\rest-assured\rest-assured\3.0.5\rest-assured-3.0.5.jar;C:\Users\vikash.rathore\.m2\repository\org\ccil\cowan\tagsoup\tagsoup\1.2.1\tagsoup-1.2.1.jar;C:\Users\vikash.rathore\.m2\repository\io\rest-assured\json-path\3.0.5\json-path-3.0.5.jar;C:\Users\vikash.rathore\.m2\repository\io\rest-assured\rest-assured-common\3.0.5\rest-assured-common-3.0.5.jar;C:\Users\vikash.rathore\.m2\repository\io\rest-assured\xml-path\3.0.5\xml-path-3.0.5.jar;C:\Users\vikash.rathore\.m2\repository\org\codehaus\groovy\groovy\2.4.12\groovy-2.4.12.jar;C:\Users\vikash.rathore\.m2\repository\org\codehaus\groovy\groovy-xml\2.4.12\groovy-xml-2.4.12.jar;C:\Users\vikash.rathore\.m2\repository\org\codehaus\groovy\groovy-json\2.4.12\groovy-json-2.4.12.jar;C:\Users\vikash.rathore\.m2\repository\net\serenity-bdd\serenity-core\1.9.45\serenity-core-1.9.45.jar;C:\Users\vikash.rathore\.m2\repository\net\serenity-bdd\serenity-report-resources\1.9.45\serenity-report-resources-1.9.45.jar;C:\Users\vikash.rathore\.m2\repository\net\serenity-bdd\serenity-model\1.9.45\serenity-model-1.9.45.jar;C:\Users\vikash.rathore\.m2\repository\commons-net\commons-net\3.6\commons-net-3.6.jar;C:\Users\vikash.rathore\.m2\repository\net\serenity-bdd\serenity-reports\1.9.45\serenity-reports-1.9.45.jar;C:\Users\vikash.rathore\.m2\repository\com\google\code\gson\gson\2.8.4\gson-2.8.4.jar;C:\Users\vikash.rathore\.m2\repository\commons-io\commons-io\2.6\commons-io-2.6.jar;C:\Users\vikash.rathore\.m2\repository\org\seleniumhq\selenium\selenium-server\3.14.0\selenium-server-3.14.0.jar;C:\Users\vikash.rathore\.m2\repository\org\seleniumhq\selenium\selenium-firefox-driver\3.14.0\selenium-firefox-driver-3.14.0.jar;C:\Users\vikash.rathore\.m2\repository\org\seleniumhq\selenium\selenium-ie-driver\3.14.0\selenium-ie-driver-3.14.0.jar;C:\Users\vikash.rathore\.m2\repository\com\beust\jcommander\1.72\jcommander-1.72.jar;C:\Users\vikash.rathore\.m2\repository\org\apache\commons\commons-exec\1.3\commons-exec-1.3.jar;C:\Users\vikash.rathore\.m2\repository\org\apache\commons\commons-text\1.1\commons-text-1.1.jar;C:\Users\vikash.rathore\.m2\repository\org\apache\httpcomponents\httpcore\4.4.9\httpcore-4.4.9.jar;C:\Users\vikash.rathore\.m2\repository\net\jcip\jcip-annotations\1.0\jcip-annotations-1.0.jar;C:\Users\vikash.rathore\.m2\repository\org\seleniumhq\selenium\jetty-repacked\9.4.8.v20180619\jetty-repacked-9.4.8.v20180619.jar;C:\Users\vikash.rathore\.m2\repository\org\eclipse\jetty\jetty-client\9.4.8.v20180619\jetty-client-9.4.8.v20180619.jar;C:\Users\vikash.rathore\.m2\repository\org\eclipse\jetty\jetty-http\9.4.8.v20180619\jetty-http-9.4.8.v20180619.jar;C:\Users\vikash.rathore\.m2\repository\org\eclipse\jetty\jetty-xml\9.4.8.v20180619\jetty-xml-9.4.8.v20180619.jar;C:\Users\vikash.rathore\.m2\repository\com\squareup\okhttp3\okhttp\3.10.0\okhttp-3.10.0.jar;C:\Users\vikash.rathore\.m2\repository\com\squareup\okio\okio\1.14.1\okio-1.14.1.jar;C:\Users\vikash.rathore\.m2\repository\javax\servlet\javax.servlet-api\3.1.0\javax.servlet-api-3.1.0.jar;C:\Users\vikash.rathore\.m2\repository\org\eclipse\jetty\websocket\websocket-api\9.4.8.v20180619\websocket-api-9.4.8.v20180619.jar;C:\Users\vikash.rathore\.m2\repository\org\eclipse\jetty\websocket\websocket-client\9.4.8.v20180619\websocket-client-9.4.8.v20180619.jar;C:\Users\vikash.rathore\.m2\repository\org\eclipse\jetty\websocket\websocket-common\9.4.8.v20180619\websocket-common-9.4.8.v20180619.jar;C:\Users\vikash.rathore\.m2\repository\xerces\xercesImpl\2.11.0\xercesImpl-2.11.0.jar;C:\Users\vikash.rathore\.m2\repository\org\yaml\snakeyaml\1.19\snakeyaml-1.19.jar;C:\Users\vikash.rathore\.m2\repository\org\seleniumhq\selenium\selenium-java\3.14.0\selenium-java-3.14.0.jar;C:\Users\vikash.rathore\.m2\repository\org\seleniumhq\selenium\selenium-api\3.14.0\selenium-api-3.14.0.jar;C:\Users\vikash.rathore\.m2\repository\org\seleniumhq\selenium\selenium-chrome-driver\3.14.0\selenium-chrome-driver-3.14.0.jar;C:\Users\vikash.rathore\.m2\repository\org\seleniumhq\selenium\selenium-edge-driver\3.14.0\selenium-edge-driver-3.14.0.jar;C:\Users\vikash.rathore\.m2\repository\org\seleniumhq\selenium\selenium-remote-driver\3.14.0\selenium-remote-driver-3.14.0.jar;C:\Users\vikash.rathore\.m2\repository\org\seleniumhq\selenium\selenium-safari-driver\3.14.0\selenium-safari-driver-3.14.0.jar;C:\Users\vikash.rathore\.m2\repository\org\seleniumhq\selenium\selenium-opera-driver\3.14.0\selenium-opera-driver-3.14.0.jar;C:\Users\vikash.rathore\.m2\repository\org\seleniumhq\selenium\selenium-support\3.14.0\selenium-support-3.14.0.jar;C:\Users\vikash.rathore\.m2\repository\com\paulhammant\ngwebdriver\1.1.4\ngwebdriver-1.1.4.jar;C:\Users\vikash.rathore\.m2\repository\com\codeborne\phantomjsdriver\1.4.4\phantomjsdriver-1.4.4.jar;C:\Users\vikash.rathore\.m2\repository\org\eclipse\jetty\jetty-util\9.4.8.v20171121\jetty-util-9.4.8.v20171121.jar;C:\Users\vikash.rathore\.m2\repository\org\eclipse\jetty\jetty-io\9.4.8.v20171121\jetty-io-9.4.8.v20171121.jar;C:\Users\vikash.rathore\.m2\repository\org\seleniumhq\selenium\htmlunit-driver\2.30.1\htmlunit-driver-2.30.1.jar;C:\Users\vikash.rathore\.m2\repository\io\appium\java-client\6.1.0\java-client-6.1.0.jar;C:\Users\vikash.rathore\.m2\repository\org\springframework\spring-context\5.0.5.RELEASE\spring-context-5.0.5.RELEASE.jar;C:\Users\vikash.rathore\.m2\repository\org\springframework\spring-aop\5.0.5.RELEASE\spring-aop-5.0.5.RELEASE.jar;C:\Users\vikash.rathore\.m2\repository\org\springframework\spring-beans\5.0.5.RELEASE\spring-beans-5.0.5.RELEASE.jar;C:\Users\vikash.rathore\.m2\repository\org\springframework\spring-expression\5.0.5.RELEASE\spring-expression-5.0.5.RELEASE.jar;C:\Users\vikash.rathore\.m2\repository\org\aspectj\aspectjweaver\1.9.1\aspectjweaver-1.9.1.jar;C:\Users\vikash.rathore\.m2\repository\org\openpnp\opencv\3.2.0-1\opencv-3.2.0-1.jar;C:\Users\vikash.rathore\.m2\repository\org\glassfish\tyrus\tyrus-core\1.13.1\tyrus-core-1.13.1.jar;C:\Users\vikash.rathore\.m2\repository\org\glassfish\tyrus\tyrus-spi\1.13.1\tyrus-spi-1.13.1.jar;C:\Users\vikash.rathore\.m2\repository\javax\websocket\javax.websocket-api\1.1\javax.websocket-api-1.1.jar;C:\Users\vikash.rathore\.m2\repository\net\sf\opencsv\opencsv\2.0\opencsv-2.0.jar;C:\Users\vikash.rathore\.m2\repository\commons-beanutils\commons-beanutils-core\1.8.3\commons-beanutils-core-1.8.3.jar;C:\Users\vikash.rathore\.m2\repository\joda-time\joda-time\2.7\joda-time-2.7.jar;C:\Users\vikash.rathore\.m2\repository\com\thoughtworks\xstream\xstream\1.4.9\xstream-1.4.9.jar;C:\Users\vikash.rathore\.m2\repository\xmlpull\xmlpull\1.1.3.1\xmlpull-1.1.3.1.jar;C:\Users\vikash.rathore\.m2\repository\xpp3\xpp3_min\1.1.4c\xpp3_min-1.1.4c.jar;C:\Users\vikash.rathore\.m2\repository\commons-collections\commons-collections\3.2.2\commons-collections-3.2.2.jar;C:\Users\vikash.rathore\.m2\repository\org\freemarker\freemarker\2.3.28\freemarker-2.3.28.jar;C:\Users\vikash.rathore\.m2\repository\net\sourceforge\jexcelapi\jxl\2.6.12\jxl-2.6.12.jar;C:\Users\vikash.rathore\.m2\repository\org\hamcrest\hamcrest-core\1.3\hamcrest-core-1.3.jar;C:\Users\vikash.rathore\.m2\repository\org\hamcrest\hamcrest-library\1.3\hamcrest-library-1.3.jar;C:\Users\vikash.rathore\.m2\repository\net\sourceforge\htmlunit\htmlunit\2.30\htmlunit-2.30.jar;C:\Users\vikash.rathore\.m2\repository\net\sourceforge\htmlunit\htmlunit-core-js\2.28\htmlunit-core-js-2.28.jar;C:\Users\vikash.rathore\.m2\repository\net\sourceforge\htmlunit\neko-htmlunit\2.30\neko-htmlunit-2.30.jar;C:\Users\vikash.rathore\.m2\repository\net\sourceforge\htmlunit\htmlunit-cssparser\1.0.0\htmlunit-cssparser-1.0.0.jar;C:\Users\vikash.rathore\.m2\repository\org\apache\httpcomponents\httpclient\4.5.5\httpclient-4.5.5.jar;C:\Users\vikash.rathore\.m2\repository\org\apache\httpcomponents\httpmime\4.5.5\httpmime-4.5.5.jar;C:\Users\vikash.rathore\.m2\repository\org\fluentlenium\fluentlenium-core\0.10.2\fluentlenium-core-0.10.2.jar;C:\Users\vikash.rathore\.m2\repository\com\jhlabs\filters\2.0.235\filters-2.0.235.jar;C:\Users\vikash.rathore\.m2\repository\org\asciidoctor\asciidoctorj\1.5.6\asciidoctorj-1.5.6.jar;C:\Users\vikash.rathore\.m2\repository\org\jruby\jruby-complete\1.7.26\jruby-complete-1.7.26.jar;C:\Users\vikash.rathore\.m2\repository\org\imgscalr\imgscalr-lib\4.2\imgscalr-lib-4.2.jar;C:\Users\vikash.rathore\.m2\repository\javax\el\javax.el-api\2.2.4\javax.el-api-2.2.4.jar;C:\Users\vikash.rathore\.m2\repository\org\glassfish\web\javax.el\2.2.4\javax.el-2.2.4.jar;C:\Users\vikash.rathore\.m2\repository\xalan\xalan\2.7.2\xalan-2.7.2.jar;C:\Users\vikash.rathore\.m2\repository\xalan\serializer\2.7.2\serializer-2.7.2.jar;C:\Users\vikash.rathore\.m2\repository\org\awaitility\awaitility\3.1.0\awaitility-3.1.0.jar;C:\Users\vikash.rathore\.m2\repository\com\typesafe\config\1.3.1\config-1.3.1.jar;C:\Users\vikash.rathore\.m2\repository\org\jsoup\jsoup\1.10.3\jsoup-1.10.3.jar;C:\Users\vikash.rathore\.m2\repository\com\google\jimfs\jimfs\1.1\jimfs-1.1.jar;C:\Users\vikash.rathore\.m2\repository\es\nitaur\markdown\txtmark\0.16\txtmark-0.16.jar;C:\Users\vikash.rathore\.m2\repository\com\vladsch\flexmark\flexmark-all\0.26.4\flexmark-all-0.26.4.jar;C:\Users\vikash.rathore\.m2\repository\com\vladsch\flexmark\flexmark\0.26.4\flexmark-0.26.4.jar;C:\Users\vikash.rathore\.m2\repository\com\vladsch\flexmark\flexmark-ext-abbreviation\0.26.4\flexmark-ext-abbreviation-0.26.4.jar;C:\Users\vikash.rathore\.m2\repository\com\vladsch\flexmark\flexmark-ext-anchorlink\0.26.4\flexmark-ext-anchorlink-0.26.4.jar;C:\Users\vikash.rathore\.m2\repository\com\vladsch\flexmark\flexmark-ext-aside\0.26.4\flexmark-ext-aside-0.26.4.jar;C:\Users\vikash.rathore\.m2\repository\com\vladsch\flexmark\flexmark-ext-autolink\0.26.4\flexmark-ext-autolink-0.26.4.jar;C:\Users\vikash.rathore\.m2\repository\org\nibor\autolink\autolink\0.6.0\autolink-0.6.0.jar;C:\Users\vikash.rathore\.m2\repository\com\vladsch\flexmark\flexmark-ext-definition\0.26.4\flexmark-ext-definition-0.26.4.jar;C:\Users\vikash.rathore\.m2\repository\com\vladsch\flexmark\flexmark-ext-emoji\0.26.4\flexmark-ext-emoji-0.26.4.jar;C:\Users\vikash.rathore\.m2\repository\com\vladsch\flexmark\flexmark-ext-escaped-character\0.26.4\flexmark-ext-escaped-character-0.26.4.jar;C:\Users\vikash.rathore\.m2\repository\com\vladsch\flexmark\flexmark-ext-footnotes\0.26.4\flexmark-ext-footnotes-0.26.4.jar;C:\Users\vikash.rathore\.m2\repository\com\vladsch\flexmark\flexmark-ext-gfm-issues\0.26.4\flexmark-ext-gfm-issues-0.26.4.jar;C:\Users\vikash.rathore\.m2\repository\com\vladsch\flexmark\flexmark-ext-gfm-strikethrough\0.26.4\flexmark-ext-gfm-strikethrough-0.26.4.jar;C:\Users\vikash.rathore\.m2\repository\com\vladsch\flexmark\flexmark-ext-gfm-tables\0.26.4\flexmark-ext-gfm-tables-0.26.4.jar;C:\Users\vikash.rathore\.m2\repository\com\vladsch\flexmark\flexmark-ext-gfm-tasklist\0.26.4\flexmark-ext-gfm-tasklist-0.26.4.jar;C:\Users\vikash.rathore\.m2\repository\com\vladsch\flexmark\flexmark-ext-gfm-users\0.26.4\flexmark-ext-gfm-users-0.26.4.jar;C:\Users\vikash.rathore\.m2\repository\com\vladsch\flexmark\flexmark-ext-jekyll-front-matter\0.26.4\flexmark-ext-jekyll-front-matter-0.26.4.jar;C:\Users\vikash.rathore\.m2\repository\com\vladsch\flexmark\flexmark-ext-jekyll-tag\0.26.4\flexmark-ext-jekyll-tag-0.26.4.jar;C:\Users\vikash.rathore\.m2\repository\com\vladsch\flexmark\flexmark-ext-ins\0.26.4\flexmark-ext-ins-0.26.4.jar;C:\Users\vikash.rathore\.m2\repository\com\vladsch\flexmark\flexmark-ext-xwiki-macros\0.26.4\flexmark-ext-xwiki-macros-0.26.4.jar;C:\Users\vikash.rathore\.m2\repository\com\vladsch\flexmark\flexmark-ext-superscript\0.26.4\flexmark-ext-superscript-0.26.4.jar;C:\Users\vikash.rathore\.m2\repository\com\vladsch\flexmark\flexmark-ext-tables\0.26.4\flexmark-ext-tables-0.26.4.jar;C:\Users\vikash.rathore\.m2\repository\com\vladsch\flexmark\flexmark-ext-toc\0.26.4\flexmark-ext-toc-0.26.4.jar;C:\Users\vikash.rathore\.m2\repository\com\vladsch\flexmark\flexmark-ext-typographic\0.26.4\flexmark-ext-typographic-0.26.4.jar;C:\Users\vikash.rathore\.m2\repository\com\vladsch\flexmark\flexmark-ext-wikilink\0.26.4\flexmark-ext-wikilink-0.26.4.jar;C:\Users\vikash.rathore\.m2\repository\com\vladsch\flexmark\flexmark-ext-yaml-front-matter\0.26.4\flexmark-ext-yaml-front-matter-0.26.4.jar;C:\Users\vikash.rathore\.m2\repository\com\vladsch\flexmark\flexmark-formatter\0.26.4\flexmark-formatter-0.26.4.jar;C:\Users\vikash.rathore\.m2\repository\com\vladsch\flexmark\flexmark-html-parser\0.26.4\flexmark-html-parser-0.26.4.jar;C:\Users\vikash.rathore\.m2\repository\com\vladsch\flexmark\flexmark-jira-converter\0.26.4\flexmark-jira-converter-0.26.4.jar;C:\Users\vikash.rathore\.m2\repository\com\vladsch\flexmark\flexmark-pdf-converter\0.26.4\flexmark-pdf-converter-0.26.4.jar;C:\Users\vikash.rathore\.m2\repository\com\openhtmltopdf\openhtmltopdf-core\0.0.1-RC9\openhtmltopdf-core-0.0.1-RC9.jar;C:\Users\vikash.rathore\.m2\repository\com\openhtmltopdf\openhtmltopdf-pdfbox\0.0.1-RC9\openhtmltopdf-pdfbox-0.0.1-RC9.jar;C:\Users\vikash.rathore\.m2\repository\org\apache\pdfbox\pdfbox\2.0.4\pdfbox-2.0.4.jar;C:\Users\vikash.rathore\.m2\repository\org\apache\pdfbox\fontbox\2.0.4\fontbox-2.0.4.jar;C:\Users\vikash.rathore\.m2\repository\com\openhtmltopdf\openhtmltopdf-rtl-support\0.0.1-RC9\openhtmltopdf-rtl-support-0.0.1-RC9.jar;C:\Users\vikash.rathore\.m2\repository\com\ibm\icu\icu4j\58.1\icu4j-58.1.jar;C:\Users\vikash.rathore\.m2\repository\com\openhtmltopdf\openhtmltopdf-jsoup-dom-converter\0.0.1-RC9\openhtmltopdf-jsoup-dom-converter-0.0.1-RC9.jar;C:\Users\vikash.rathore\.m2\repository\com\vladsch\flexmark\flexmark-profile-pegdown\0.26.4\flexmark-profile-pegdown-0.26.4.jar;C:\Users\vikash.rathore\.m2\repository\com\vladsch\flexmark\flexmark-util\0.26.4\flexmark-util-0.26.4.jar;C:\Users\vikash.rathore\.m2\repository\com\vladsch\flexmark\flexmark-youtrack-converter\0.26.4\flexmark-youtrack-converter-0.26.4.jar;C:\Users\vikash.rathore\.m2\repository\net\serenity-bdd\serenity-screenplay\1.9.45\serenity-screenplay-1.9.45.jar;C:\Users\vikash.rathore\.m2\repository\uk\com\robust-it\cloning\1.9.10\cloning-1.9.10.jar;C:\Users\vikash.rathore\.m2\repository\org\slf4j\slf4j-simple\1.7.21\slf4j-simple-1.7.21.jar;C:\Users\vikash.rathore\.m2\repository\net\serenity-bdd\serenity-junit\1.9.45\serenity-junit-1.9.45.jar;C:\Users\vikash.rathore\.m2\repository\org\springframework\spring-test\4.0.2.RELEASE\spring-test-4.0.2.RELEASE.jar;C:\Users\vikash.rathore\.m2\repository\org\springframework\spring-core\4.0.2.RELEASE\spring-core-4.0.2.RELEASE.jar;C:\Users\vikash.rathore\.m2\repository\org\hamcrest\hamcrest-all\1.3\hamcrest-all-1.3.jar;C:\Users\vikash.rathore\.m2\repository\junit\junit-dep\4.10\junit-dep-4.10.jar;C:\Users\vikash.rathore\.m2\repository\xml-apis\xml-apis\1.4.01\xml-apis-1.4.01.jar;C:\Users\vikash.rathore\.m2\repository\org\apache\poi\poi\3.14\poi-3.14.jar;C:\Users\vikash.rathore\.m2\repository\org\apache\poi\poi-ooxml\3.14\poi-ooxml-3.14.jar;C:\Users\vikash.rathore\.m2\repository\org\apache\poi\poi-ooxml-schemas\3.14\poi-ooxml-schemas-3.14.jar;C:\Users\vikash.rathore\.m2\repository\org\apache\xmlbeans\xmlbeans\2.6.0\xmlbeans-2.6.0.jar;C:\Users\vikash.rathore\.m2\repository\stax\stax-api\1.0.1\stax-api-1.0.1.jar;C:\Users\vikash.rathore\.m2\repository\com\github\virtuald\curvesapi\1.03\curvesapi-1.03.jar;C:\Users\vikash.rathore\.m2\repository\net\serenity-bdd\serenity-cucumber\1.9.31\serenity-cucumber-1.9.31.jar;C:\Users\vikash.rathore\.m2\repository\net\serenity-bdd\serenity-screenplay-webdriver\2.0.40\serenity-screenplay-webdriver-2.0.40.jar;C:\Users\vikash.rathore\.m2\repository\net\bytebuddy\byte-buddy-agent\1.9.6\byte-buddy-agent-1.9.6.jar;C:\Users\vikash.rathore\.m2\repository\javax\xml\bind\jaxb-api\2.2.12\jaxb-api-2.2.12.jar;C:\Users\vikash.rathore\.m2\repository\com\sun\xml\bind\jaxb-core\2.3.0.1\jaxb-core-2.3.0.1.jar;C:\Users\vikash.rathore\.m2\repository\com\sun\xml\bind\jaxb-impl\2.3.0.1\jaxb-impl-2.3.0.1.jar;C:\Users\vikash.rathore\.m2\repository\javax\activation\activation\1.1.1\activation-1.1.1.jar;C:\Users\vikash.rathore\.m2\repository\io\cucumber\cucumber-java\2.4.0\cucumber-java-2.4.0.jar;C:\Users\vikash.rathore\.m2\repository\io\cucumber\cucumber-junit\2.4.0\cucumber-junit-2.4.0.jar;C:\Users\vikash.rathore\.m2\repository\org\apache\commons\commons-csv\1.5\commons-csv-1.5.jar;C:\Users\vikash.rathore\.m2\repository\org\apache\commons\commons-lang3\3.4\commons-lang3-3.4.jar;C:\Users\vikash.rathore\.m2\repository\io\rest-assured\json-schema-validator\3.0.0\json-schema-validator-3.0.0.jar;C:\Users\vikash.rathore\.m2\repository\com\github\fge\json-schema-validator\2.2.6\json-schema-validator-2.2.6.jar;C:\Users\vikash.rathore\.m2\repository\com\googlecode\libphonenumber\libphonenumber\6.2\libphonenumber-6.2.jar;C:\Users\vikash.rathore\.m2\repository\com\github\fge\json-schema-core\1.2.5\json-schema-core-1.2.5.jar;C:\Users\vikash.rathore\.m2\repository\com\github\fge\uri-template\0.9\uri-template-0.9.jar;C:\Users\vikash.rathore\.m2\repository\com\github\fge\msg-simple\1.1\msg-simple-1.1.jar;C:\Users\vikash.rathore\.m2\repository\com\github\fge\btf\1.2\btf-1.2.jar;C:\Users\vikash.rathore\.m2\repository\com\github\fge\jackson-coreutils\1.8\jackson-coreutils-1.8.jar;C:\Users\vikash.rathore\.m2\repository\org\mozilla\rhino\1.7R4\rhino-1.7R4.jar;C:\Users\vikash.rathore\.m2\repository\javax\mail\mailapi\1.4.3\mailapi-1.4.3.jar;C:\Users\vikash.rathore\.m2\repository\net\minidev\json-smart\2.3\json-smart-2.3.jar;C:\Users\vikash.rathore\.m2\repository\net\minidev\accessors-smart\1.2\accessors-smart-1.2.jar;C:\Users\vikash.rathore\.m2\repository\org\json\json\20180130\json-20180130.jar;C:\Users\vikash.rathore\.m2\repository\org\everit\json\org.everit.json.schema\1.5.1\org.everit.json.schema-1.5.1.jar;C:\Users\vikash.rathore\.m2\repository\commons-validator\commons-validator\1.5.1\commons-validator-1.5.1.jar;C:\Users\vikash.rathore\.m2\repository\commons-beanutils\commons-beanutils\1.9.2\commons-beanutils-1.9.2.jar;C:\Users\vikash.rathore\.m2\repository\commons-digester\commons-digester\1.8.1\commons-digester-1.8.1.jar;C:\Users\vikash.rathore\.m2\repository\log4j\log4j\1.2.12\log4j-1.2.12.jar;C:\Users\vikash.rathore\.m2\repository\cc\plural\jsonij\0.3.1\jsonij-0.3.1.jar;C:\Users\vikash.rathore\.m2\repository\org\codehaus\jackson\jackson-mapper-asl\1.9.13\jackson-mapper-asl-1.9.13.jar;C:\Users\vikash.rathore\.m2\repository\org\codehaus\jackson\jackson-core-asl\1.9.13\jackson-core-asl-1.9.13.jar;C:\Users\vikash.rathore\.m2\repository\org\assertj\assertj-core\3.11.1\assertj-core-3.11.1.jar;C:\Users\vikash.rathore\.m2\repository\org\projectlombok\lombok\1.16.16\lombok-1.16.16.jar;C:\Users\vikash.rathore\.m2\repository\com\github\tomakehurst\wiremock\1.58\wiremock-1.58.jar;C:\Users\vikash.rathore\.m2\repository\com\fasterxml\jackson\core\jackson-core\2.6.0\jackson-core-2.6.0.jar;C:\Users\vikash.rathore\.m2\repository\xmlunit\xmlunit\1.6\xmlunit-1.6.jar;C:\Users\vikash.rathore\.m2\repository\org\mortbay\jetty\jetty\6.1.26\jetty-6.1.26.jar;C:\Users\vikash.rathore\.m2\repository\org\mortbay\jetty\jetty-util\6.1.26\jetty-util-6.1.26.jar;C:\Users\vikash.rathore\.m2\repository\org\mortbay\jetty\servlet-api\2.5-20081211\servlet-api-2.5-20081211.jar;C:\Users\vikash.rathore\.m2\repository\com\fasterxml\jackson\core\jackson-databind\2.6.0\jackson-databind-2.6.0.jar;C:\Users\vikash.rathore\.m2\repository\org\skyscreamer\jsonassert\1.2.3\jsonassert-1.2.3.jar;C:\Users\vikash.rathore\.m2\repository\com\fasterxml\jackson\core\jackson-annotations\2.6.0\jackson-annotations-2.6.0.jar;C:\Users\vikash.rathore\.m2\repository\net\sf\jopt-simple\jopt-simple\4.9\jopt-simple-4.9.jar;"/>
    <property name="sun.cpu.endian" value="little"/>
    <property name="user.home" value="C:\Users\vikash.rathore"/>
    <property name="user.language" value="en"/>
    <property name="java.specification.vendor" value="Oracle Corporation"/>
    <property name="java.home" value="C:\Program Files\Java\jdk1.8.0_191\jre"/>
    <property name="log.dir" value="src//test//resources//configFiles//\\testLogs\ApplicationLog_19.October.202003.44.43.log"/>
    <property name="basedir" value="C:\Users\vikash.rathore\Downloads\jha_api_automation"/>
    <property name="file.separator" value="\"/>
    <property name="line.separator" value="&#10;"/>
    <property name="java.vm.specification.vendor" value="Oracle Corporation"/>
    <property name="java.specification.name" value="Java Platform API Specification"/>
    <property name="java.awt.graphicsenv" value="sun.awt.Win32GraphicsEnvironment"/>
    <property name="surefire.real.class.path" value="C:\Users\VIKASH~1.RAT\AppData\Local\Temp\surefire1251177773876704448\surefirebooter5975310959633395732.jar"/>
    <property name="sun.boot.class.path" value="C:\Program Files\Java\jdk1.8.0_191\jre\lib\resources.jar;C:\Program Files\Java\jdk1.8.0_191\jre\lib\rt.jar;C:\Program Files\Java\jdk1.8.0_191\jre\lib\sunrsasign.jar;C:\Program Files\Java\jdk1.8.0_191\jre\lib\jsse.jar;C:\Program Files\Java\jdk1.8.0_191\jre\lib\jce.jar;C:\Program Files\Java\jdk1.8.0_191\jre\lib\charsets.jar;C:\Program Files\Java\jdk1.8.0_191\jre\lib\jfr.jar;C:\Program Files\Java\jdk1.8.0_191\jre\classes"/>
    <property name="user.script" value=""/>
    <property name="sun.management.compiler" value="HotSpot 64-Bit Tiered Compilers"/>
    <property name="java.runtime.version" value="1.8.0_191-b12"/>
    <property name="user.name" value="vikash.rathore"/>
    <property name="path.separator" value=";"/>
    <property name="os.version" value="10.0"/>
    <property name="java.endorsed.dirs" value="C:\Program Files\Java\jdk1.8.0_191\jre\lib\endorsed"/>
    <property name="java.runtime.name" value="Java(TM) SE Runtime Environment"/>
    <property name="file.encoding" value="Cp1252"/>
    <property name="java.vm.name" value="Java HotSpot(TM) 64-Bit Server VM"/>
    <property name="localRepository" value="C:\Users\vikash.rathore\.m2\repository"/>
    <property name="java.vendor.url.bug" value="http://bugreport.sun.com/bugreport/"/>
    <property name="java.io.tmpdir" value="C:\Users\VIKASH~1.RAT\AppData\Local\Temp\"/>
    <property name="java.version" value="1.8.0_191"/>
    <property name="user.dir" value="C:\Users\vikash.rathore\Downloads\jha_api_automation"/>
    <property name="os.arch" value="amd64"/>
    <property name="java.vm.specification.name" value="Java Virtual Machine Specification"/>
    <property name="java.awt.printerjob" value="sun.awt.windows.WPrinterJob"/>
    <property name="sun.os.patch.level" value=""/>
    <property name="java.library.path" value="C:\Program Files\Java\jdk1.8.0_191\jre\bin;C:\WINDOWS\Sun\Java\bin;C:\WINDOWS\system32;C:\WINDOWS;C:/Program Files/Java/jre1.8.0_251/bin/server;C:/Program Files/Java/jre1.8.0_251/bin;C:/Program Files/Java/jre1.8.0_251/lib/amd64;C:\ProgramData\DockerDesktop\version-bin;C:\Program Files\Docker\Docker\Resources\bin;C:\Program Files (x86)\Common Files\Oracle\Java\javapath;C:\WINDOWS\system32;C:\WINDOWS;C:\WINDOWS\System32\Wbem;C:\WINDOWS\System32\WindowsPowerShell\v1.0\;C:\WINDOWS\System32\OpenSSH\;C:\Program Files\PuTTY\;C:\Program Files\Amazon\AWSCLI\bin\;C:\Users\vikash.rathore\Downloads\apache-maven-3.6.0\bin;C:\Program Files\TortoiseSVN\bin;C:\Program Files\Git\cmd;C:\Users\vikash.rathore\AppData\Local\Microsoft\WindowsApps;;C:\Users\vikash.rathore\Downloads\eclipse;;."/>
    <property name="java.vm.info" value="mixed mode"/>
    <property name="java.vendor" value="Oracle Corporation"/>
    <property name="java.vm.version" value="25.191-b12"/>
    <property name="java.ext.dirs" value="C:\Program Files\Java\jdk1.8.0_191\jre\lib\ext;C:\WINDOWS\Sun\Java\lib\ext"/>
    <property name="sun.io.unicode.encoding" value="UnicodeLittle"/>
    <property name="java.class.version" value="52.0"/>
  </properties>
  <testcase name="Customer navigation through product categories: Phones, Laptops and Monitors" classname="To implement the Web automated checks over DEMO ONLINE SHOP" time="60.82"/>
</testsuite>